This is XeTeX, Version 3.14159265-2.6-0.99996 (MiKTeX 2.9.6210 64-bit) (preloaded format=xelatex 2017.9.5)  7 SEP 2017 13:57
entering extended mode
**"./Final 1.tex"
("Final 1.tex"
LaTeX2e <2017/01/01> patch level 1
Babel <3.9r> and hyphenation patterns for 75 language(s) loaded.

! LaTeX Error: File `geometry.cls' not found.

Type X to quit or <RETURN> to proceed,
or enter new name. (Default extension: cls)

Enter file name: 
! Emergency stop.
<read *> 
         
l.6 ^^M
       
*** (cannot \read from terminal in nonstop modes)

 
Here is how much of TeX's memory you used:
 10 strings out of 427899
 110 string characters out of 3153118
 54903 words of memory out of 3000000
 4002 multiletter control sequences out of 15000+200000
 3640 words of font info for 14 fonts, out of 3000000 for 9000
 1328 hyphenation exceptions out of 8191
 10i,0n,7p,107b,8s stack positions out of 5000i,500n,10000p,200000b,50000s
No pages of output.
